Started GET "/" for 127.0.0.1 at 2017-12-18 08:40:47 -0500
Processing by Rails::WelcomeController#index as HTML
  Rendering /Users/jasonprestosh/.rubies/ruby-2.3.3/lib/ruby/gems/2.3.0/gems/railties-5.1.4/lib/rails/templates/rails/welcome/index.html.erb
  Rendered /Users/jasonprestosh/.rubies/ruby-2.3.3/lib/ruby/gems/2.3.0/gems/railties-5.1.4/lib/rails/templates/rails/welcome/index.html.erb (5.1ms)
Completed 200 OK in 843ms (Views: 11.8ms)


Started GET "/" for 127.0.0.1 at 2017-12-18 09:04:28 -0500
Processing by Rails::WelcomeController#index as HTML
  Rendering /Users/jasonprestosh/.rubies/ruby-2.3.3/lib/ruby/gems/2.3.0/gems/railties-5.1.4/lib/rails/templates/rails/welcome/index.html.erb
  Rendered /Users/jasonprestosh/.rubies/ruby-2.3.3/lib/ruby/gems/2.3.0/gems/railties-5.1.4/lib/rails/templates/rails/welcome/index.html.erb (4.8ms)
Completed 200 OK in 271ms (Views: 11.8ms)


Started GET "/" for 127.0.0.1 at 2017-12-18 09:25:47 -0500
Processing by Rails::WelcomeController#index as HTML
  Rendering /Users/jasonprestosh/.rubies/ruby-2.3.3/lib/ruby/gems/2.3.0/gems/railties-5.1.4/lib/rails/templates/rails/welcome/index.html.erb
  Rendered /Users/jasonprestosh/.rubies/ruby-2.3.3/lib/ruby/gems/2.3.0/gems/railties-5.1.4/lib/rails/templates/rails/welcome/index.html.erb (4.8ms)
Completed 200 OK in 249ms (Views: 13.3ms)


Started GET "/" for 127.0.0.1 at 2017-12-18 09:26:40 -0500
Processing by Rails::WelcomeController#index as HTML
  Rendering /Users/jasonprestosh/.rubies/ruby-2.3.3/lib/ruby/gems/2.3.0/gems/railties-5.1.4/lib/rails/templates/rails/welcome/index.html.erb
  Rendered /Users/jasonprestosh/.rubies/ruby-2.3.3/lib/ruby/gems/2.3.0/gems/railties-5.1.4/lib/rails/templates/rails/welcome/index.html.erb (2.9ms)
Completed 200 OK in 8ms (Views: 5.1ms)


Started GET "/" for 127.0.0.1 at 2017-12-18 09:28:30 -0500
Processing by Rails::WelcomeController#index as HTML
  Rendering /Users/jasonprestosh/.rubies/ruby-2.3.3/lib/ruby/gems/2.3.0/gems/railties-5.1.4/lib/rails/templates/rails/welcome/index.html.erb
  Rendered /Users/jasonprestosh/.rubies/ruby-2.3.3/lib/ruby/gems/2.3.0/gems/railties-5.1.4/lib/rails/templates/rails/welcome/index.html.erb (3.3ms)
Completed 200 OK in 8ms (Views: 5.7ms)


  [1m[35m (0.3ms)[0m  [1m[34mSELECT sqlite_version(*)[0m
  [1m[35m (1.5ms)[0m  [1m[35mCREATE TABLE "schema_migrations" ("version" varchar NOT NULL PRIMARY KEY)[0m
  [1m[35m (1.2ms)[0m  [1m[35mCREATE TABLE "ar_internal_metadata" ("key" varchar NOT NULL PRIMARY KEY, "value" varchar, "created_at" datetime NOT NULL, "updated_at" datetime NOT NULL)[0m
  [1m[36mActiveRecord::InternalMetadata Load (0.2ms)[0m  [1m[34mSELECT  "ar_internal_metadata".* FROM "ar_internal_metadata" WHERE "ar_internal_metadata"."key" = ? LIMIT ?[0m  [["key", "environment"], ["LIMIT", 1]]
  [1m[35m (0.1ms)[0m  [1m[36mbegin transaction[0m
  [1m[35mSQL (0.3ms)[0m  [1m[32mINSERT INTO "ar_internal_metadata" ("key", "value", "created_at", "updated_at") VALUES (?, ?, ?, ?)[0m  [["key", "environment"], ["value", "development"], ["created_at", "2017-12-18 16:00:02.144407"], ["updated_at", "2017-12-18 16:00:02.144407"]]
  [1m[35m (1.1ms)[0m  [1m[36mcommit transaction[0m
  [1m[35m (0.1ms)[0m  [1m[34mSELECT "schema_migrations"."version" FROM "schema_migrations" ORDER BY "schema_migrations"."version" ASC[0m
